[debug] [2019-12-12T08:56:33.691Z] ----------------------------------------------------------------------
[debug] [2019-12-12T08:56:33.693Z] Command:       /usr/bin/node /usr/bin/firebase init
[debug] [2019-12-12T08:56:33.693Z] CLI Version:   7.9.0
[debug] [2019-12-12T08:56:33.693Z] Platform:      linux
[debug] [2019-12-12T08:56:33.693Z] Node Version:  v12.11.1
[debug] [2019-12-12T08:56:33.693Z] Time:          Thu Dec 12 2019 09:56:33 GMT+0100 (Central European Standard Time)
[debug] [2019-12-12T08:56:33.693Z] ----------------------------------------------------------------------
[debug] [2019-12-12T08:56:33.693Z] 
[debug] [2019-12-12T08:56:33.698Z] > command requires scopes: ["email","openid","https://www.googleapis.com/auth/cloudplatformprojects.readonly","https://www.googleapis.com/auth/firebase","https://www.googleapis.com/auth/cloud-platform"]
[debug] [2019-12-12T08:56:33.698Z] > authorizing via signed-in user
[info] 
     ######## #### ########  ######## ########     ###     ######  ########
     ##        ##  ##     ## ##       ##     ##  ##   ##  ##       ##
     ######    ##  ########  ######   ########  #########  ######  ######
     ##        ##  ##    ##  ##       ##     ## ##     ##       ## ##
     ##       #### ##     ## ######## ########  ##     ##  ######  ########

You're about to initialize a Firebase project in this directory:

  /home/hyfbe31/Desktop/WebBox/Final-Project/VRConnection-2/class-5-project-vrconnection/frontend

Before we get started, keep in mind:

  * You are initializing in an existing Firebase project directory

[info] 
=== Project Setup
[info] 
[info] First, let's associate this project directory with a Firebase project.
[info] You can create multiple project aliases by running firebase use --add, 
[info] but for now we'll just set up a default project.
[info] 
[info] i  .firebaserc already has a default project, using vrconnection-9c6e5.
[debug] [2019-12-12T08:57:20.767Z] > refreshing access token with scopes: ["email","https://www.googleapis.com/auth/cloud-platform","https://www.googleapis.com/auth/cloudplatformprojects.readonly","https://www.googleapis.com/auth/firebase","openid"]
[debug] [2019-12-12T08:57:20.767Z] >>> HTTP REQUEST POST https://www.googleapis.com/oauth2/v3/token  
 <request body omitted>
[debug] [2019-12-12T08:57:21.051Z] <<< HTTP RESPONSE 200
[debug] [2019-12-12T08:57:21.080Z] >>> HTTP REQUEST GET https://firebase.googleapis.com/v1beta1/projects/vrconnection-9c6e5  
 
[debug] [2019-12-12T08:57:21.443Z] <<< HTTP RESPONSE 403
[debug] [2019-12-12T08:57:21.444Z] <<< HTTP RESPONSE BODY
[debug] [2019-12-12T08:57:21.446Z] HTTP Error: 403, The caller does not have permission
[debug] [2019-12-12T08:57:21.449Z] FirebaseError: HTTP Error: 403, The caller does not have permission
    at module.exports (/usr/lib/node_modules/firebase-tools/lib/responseToError.js:38:12)
    at Request._callback (/usr/lib/node_modules/firebase-tools/lib/api.js:39:35)
    at Request.self.callback (/usr/lib/node_modules/firebase-tools/node_modules/request/request.js:185:22)
    at Request.emit (events.js:210:5)
    at Request.EventEmitter.emit (domain.js:476:20)
    at Request.<anonymous> (/usr/lib/node_modules/firebase-tools/node_modules/request/request.js:1161:10)
    at Request.emit (events.js:210:5)
    at Request.EventEmitter.emit (domain.js:476:20)
    at IncomingMessage.<anonymous> (/usr/lib/node_modules/firebase-tools/node_modules/request/request.js:1083:12)
    at Object.onceWrapper (events.js:299:28)
    at IncomingMessage.emit (events.js:215:7)
    at IncomingMessage.EventEmitter.emit (domain.js:476:20)
    at endReadableNT (_stream_readable.js:1183:12)
    at processTicksAndRejections (internal/process/task_queues.js:80:21)
[error] 
[error] Error: Failed to get Firebase project vrconnection-9c6e5. Please make sure the project exists and your account has permission to access it.
[debug] [2019-12-12T09:00:31.731Z] ----------------------------------------------------------------------
[debug] [2019-12-12T09:00:31.732Z] Command:       /usr/bin/node /usr/bin/firebase init
[debug] [2019-12-12T09:00:31.732Z] CLI Version:   7.9.0
[debug] [2019-12-12T09:00:31.732Z] Platform:      linux
[debug] [2019-12-12T09:00:31.732Z] Node Version:  v12.11.1
[debug] [2019-12-12T09:00:31.733Z] Time:          Thu Dec 12 2019 10:00:31 GMT+0100 (Central European Standard Time)
[debug] [2019-12-12T09:00:31.733Z] ----------------------------------------------------------------------
[debug] [2019-12-12T09:00:31.733Z] 
[debug] [2019-12-12T09:00:31.737Z] > command requires scopes: ["email","openid","https://www.googleapis.com/auth/cloudplatformprojects.readonly","https://www.googleapis.com/auth/firebase","https://www.googleapis.com/auth/cloud-platform"]
[debug] [2019-12-12T09:00:31.737Z] > authorizing via signed-in user
[info] 
     ######## #### ########  ######## ########     ###     ######  ########
     ##        ##  ##     ## ##       ##     ##  ##   ##  ##       ##
     ######    ##  ########  ######   ########  #########  ######  ######
     ##        ##  ##    ##  ##       ##     ## ##     ##       ## ##
     ##       #### ##     ## ######## ########  ##     ##  ######  ########

You're about to initialize a Firebase project in this directory:

  /home/hyfbe31/Desktop/WebBox/Final-Project/VRConnection-2/class-5-project-vrconnection/frontend

Before we get started, keep in mind:

  * You are initializing in an existing Firebase project directory

[info] 
=== Project Setup
[info] 
[info] First, let's associate this project directory with a Firebase project.
[info] You can create multiple project aliases by running firebase use --add, 
[info] but for now we'll just set up a default project.
[info] 
[info] i  .firebaserc already has a default project, using vrconnection-9c6e5.
[debug] [2019-12-12T09:00:39.219Z] >>> HTTP REQUEST GET https://firebase.googleapis.com/v1beta1/projects/vrconnection-9c6e5  
 
[debug] [2019-12-12T09:00:39.769Z] <<< HTTP RESPONSE 403
[debug] [2019-12-12T09:00:39.771Z] <<< HTTP RESPONSE BODY
[debug] [2019-12-12T09:00:39.775Z] HTTP Error: 403, The caller does not have permission
[debug] [2019-12-12T09:00:39.778Z] FirebaseError: HTTP Error: 403, The caller does not have permission
    at module.exports (/usr/lib/node_modules/firebase-tools/lib/responseToError.js:38:12)
    at Request._callback (/usr/lib/node_modules/firebase-tools/lib/api.js:39:35)
    at Request.self.callback (/usr/lib/node_modules/firebase-tools/node_modules/request/request.js:185:22)
    at Request.emit (events.js:210:5)
    at Request.EventEmitter.emit (domain.js:476:20)
    at Request.<anonymous> (/usr/lib/node_modules/firebase-tools/node_modules/request/request.js:1161:10)
    at Request.emit (events.js:210:5)
    at Request.EventEmitter.emit (domain.js:476:20)
    at IncomingMessage.<anonymous> (/usr/lib/node_modules/firebase-tools/node_modules/request/request.js:1083:12)
    at Object.onceWrapper (events.js:299:28)
    at IncomingMessage.emit (events.js:215:7)
    at IncomingMessage.EventEmitter.emit (domain.js:476:20)
    at endReadableNT (_stream_readable.js:1183:12)
    at processTicksAndRejections (internal/process/task_queues.js:80:21)
[error] 
[error] Error: Failed to get Firebase project vrconnection-9c6e5. Please make sure the project exists and your account has permission to access it.
